[debug] [2026-03-21T22:35:13.454Z] ----------------------------------------------------------------------
[debug] [2026-03-21T22:35:13.458Z] Command:       /usr/local/Cellar/node/23.1.0_1/bin/node /usr/local/bin/firebase deploy
[debug] [2026-03-21T22:35:13.459Z] CLI Version:   15.5.1
[debug] [2026-03-21T22:35:13.459Z] Platform:      darwin
[debug] [2026-03-21T22:35:13.459Z] Node Version:  v23.1.0
[debug] [2026-03-21T22:35:13.459Z] Time:          Sat Mar 21 2026 23:35:13 GMT+0100 (heure normale d’Europe centrale)
[debug] [2026-03-21T22:35:13.460Z] ----------------------------------------------------------------------
[debug] 
[debug] [2026-03-21T22:35:14.772Z] > command requires scopes: ["email","openid","https://www.googleapis.com/auth/cloudplatformprojects.readonly","https://www.googleapis.com/auth/firebase","https://www.googleapis.com/auth/cloud-platform"]
[debug] [2026-03-21T22:35:14.772Z] > authorizing via signed-in user (guerrier.lucas@gmail.com)
[debug] [2026-03-21T22:35:14.773Z] [iam] checking project et-shop-c83d6 for permissions ["cloudfunctions.functions.create","cloudfunctions.functions.delete","cloudfunctions.functions.get","cloudfunctions.functions.list","cloudfunctions.functions.update","cloudfunctions.operations.get","firebase.projects.get","firebasehosting.sites.update"]
[debug] [2026-03-21T22:35:14.774Z] Checked if tokens are valid: true, expires at: 1774136075767
[debug] [2026-03-21T22:35:14.774Z] Checked if tokens are valid: true, expires at: 1774136075767
[debug] [2026-03-21T22:35:14.775Z] >>> [apiv2][query] POST https://cloudresourcemanager.googleapis.com/v1/projects/et-shop-c83d6:testIamPermissions [none]
[debug] [2026-03-21T22:35:14.776Z] >>> [apiv2][(partial)header] POST https://cloudresourcemanager.googleapis.com/v1/projects/et-shop-c83d6:testIamPermissions  x-goog-user-project=et-shop-c83d6
[debug] [2026-03-21T22:35:14.776Z] >>> [apiv2][body] POST https://cloudresourcemanager.googleapis.com/v1/projects/et-shop-c83d6:testIamPermissions {"permissions":["cloudfunctions.functions.create","cloudfunctions.functions.delete","cloudfunctions.functions.get","cloudfunctions.functions.list","cloudfunctions.functions.update","cloudfunctions.operations.get","firebase.projects.get","firebasehosting.sites.update"]}
[debug] [2026-03-21T22:35:15.488Z] <<< [apiv2][status] POST https://cloudresourcemanager.googleapis.com/v1/projects/et-shop-c83d6:testIamPermissions 200
[debug] [2026-03-21T22:35:15.488Z] <<< [apiv2][body] POST https://cloudresourcemanager.googleapis.com/v1/projects/et-shop-c83d6:testIamPermissions {"permissions":["cloudfunctions.functions.create","cloudfunctions.functions.delete","cloudfunctions.functions.get","cloudfunctions.functions.list","cloudfunctions.functions.update","cloudfunctions.operations.get","firebase.projects.get","firebasehosting.sites.update"]}
[debug] [2026-03-21T22:35:15.488Z] Checked if tokens are valid: true, expires at: 1774136075767
[debug] [2026-03-21T22:35:15.488Z] Checked if tokens are valid: true, expires at: 1774136075767
[debug] [2026-03-21T22:35:15.488Z] >>> [apiv2][query] POST https://iam.googleapis.com/v1/projects/et-shop-c83d6/serviceAccounts/et-shop-c83d6@appspot.gserviceaccount.com:testIamPermissions [none]
[debug] [2026-03-21T22:35:15.488Z] >>> [apiv2][body] POST https://iam.googleapis.com/v1/projects/et-shop-c83d6/serviceAccounts/et-shop-c83d6@appspot.gserviceaccount.com:testIamPermissions {"permissions":["iam.serviceAccounts.actAs"]}
[debug] [2026-03-21T22:35:16.199Z] <<< [apiv2][status] POST https://iam.googleapis.com/v1/projects/et-shop-c83d6/serviceAccounts/et-shop-c83d6@appspot.gserviceaccount.com:testIamPermissions 404
[debug] [2026-03-21T22:35:16.199Z] <<< [apiv2][body] POST https://iam.googleapis.com/v1/projects/et-shop-c83d6/serviceAccounts/et-shop-c83d6@appspot.gserviceaccount.com:testIamPermissions {"error":{"code":404,"message":"Unknown service account","status":"NOT_FOUND"}}
[debug] [2026-03-21T22:35:16.200Z] [functions] service account IAM check errored, deploy may fail: Request to https://iam.googleapis.com/v1/projects/et-shop-c83d6/serviceAccounts/et-shop-c83d6@appspot.gserviceaccount.com:testIamPermissions had HTTP Error: 404, Unknown service account {"name":"FirebaseError","children":[],"context":{"body":{"error":{"code":404,"message":"Unknown service account","status":"NOT_FOUND"}},"response":{"statusCode":404}},"exit":1,"message":"Request to https://iam.googleapis.com/v1/projects/et-shop-c83d6/serviceAccounts/et-shop-c83d6@appspot.gserviceaccount.com:testIamPermissions had HTTP Error: 404, Unknown service account","status":404}
[debug] [2026-03-21T22:35:16.201Z] Checked if tokens are valid: true, expires at: 1774136075767
[debug] [2026-03-21T22:35:16.201Z] Checked if tokens are valid: true, expires at: 1774136075767
[debug] [2026-03-21T22:35:16.202Z] >>> [apiv2][query] GET https://firebase.googleapis.com/v1beta1/projects/et-shop-c83d6 [none]
[debug] [2026-03-21T22:35:16.508Z] <<< [apiv2][status] GET https://firebase.googleapis.com/v1beta1/projects/et-shop-c83d6 200
[debug] [2026-03-21T22:35:16.508Z] <<< [apiv2][body] GET https://firebase.googleapis.com/v1beta1/projects/et-shop-c83d6 {"projectId":"et-shop-c83d6","projectNumber":"761558970293","displayName":"Et SHop !","name":"projects/et-shop-c83d6","resources":{"hostingSite":"et-shop-c83d6"},"state":"ACTIVE","etag":"1_b3dde2e4-25e9-49a6-9e6c-82b96b3fd17e"}
[info] 
   Thank you for trying our early preview of Next.js support on Firebase Hosting.
   During the preview, support is best-effort and breaking changes can be expected. Proceed with caution.
   The integration is known to work with Next.js version 12 - 15.0. You may encounter errors.

   Documentation: https://firebase.google.com/docs/hosting/frameworks/nextjs
   File a bug: https://github.com/firebase/firebase-tools/issues/new?template=bug_report.md
   Submit a feature request: https://github.com/firebase/firebase-tools/issues/new?template=feature_request.md

   We'd love to learn from you. Express your interest in helping us shape the future of Firebase Hosting: https://goo.gle/41enW5X

[debug] [2026-03-21T22:35:55.617Z] Checked if tokens are valid: true, expires at: 1774136075767
[debug] [2026-03-21T22:35:55.617Z] Checked if tokens are valid: true, expires at: 1774136075767
[debug] [2026-03-21T22:35:55.617Z] >>> [apiv2][query] GET https://firebasehosting.googleapis.com/v1beta1/projects/et-shop-c83d6/sites/et-shop-c83d6 [none]
[debug] [2026-03-21T22:35:56.647Z] <<< [apiv2][status] GET https://firebasehosting.googleapis.com/v1beta1/projects/et-shop-c83d6/sites/et-shop-c83d6 200
[debug] [2026-03-21T22:35:56.647Z] <<< [apiv2][body] GET https://firebasehosting.googleapis.com/v1beta1/projects/et-shop-c83d6/sites/et-shop-c83d6 {"name":"projects/et-shop-c83d6/sites/et-shop-c83d6","defaultUrl":"https://et-shop-c83d6.web.app","type":"DEFAULT_SITE"}
[info] ▲ Next.js 16.2.1 (Turbopack)

[info] - Environments: .env.local


[info] ⚠ The "middleware" file convention is deprecated. Please use "proxy" instead. Learn more: https://nextjs.org/docs/messages/middleware-to-proxy

[info]   Creating an optimized production build ...

[info] ✓ Compiled successfully in 5.9s

[info]   Running TypeScript ...

[info] Failed to type check.


[info] ./src/app/catalog/page.tsx:244:25
Type error: Type '(item: CatalogItem) => void' is not assignable to type '(item: CatalogItem) => void'. Two different types with this name exist, but they are unrelated.
  Types of parameters 'item' and 'item' are incompatible.
    Type 'CatalogItem' is not assignable to type 'CatalogItem'. Two different types with this name exist, but they are unrelated.
      Types of property 'categories' are incompatible.
        Type '{ name: string; } | undefined' is not assignable to type '{ name: string; sort_order: number; } | undefined'.
          Property 'sort_order' is missing in type '{ name: string; }' but required in type '{ name: string; sort_order: number; }'.

  242 |                         key={item.id} 
  243 |                         item={item} 
> 244 |                         onEdit={openEditSheet} 
      |                         ^
  245 |                         onDelete={handleDelete}
  246 |                         isSelected={selectedIds.includes(item.id)}
  247 |                         onSelect={(checked) => handleSelect(item.id, checked)}

[info] Next.js build worker exited with code: 1 and signal: null

[debug] [2026-03-21T22:36:10.564Z] Error: ENOENT: no such file or directory, open '/Users/lucas/Projects/perso/et-shop/apps/web/.next/export-marker.json'
[error] 
[error] Error: An unexpected error has occurred.
